Arguments: 
  C:\Program Files\nodejs\node.exe C:\Users\rgued\AppData\Roaming\npm\node_modules\yarn\bin\yarn.js add stripe CLI

PATH: 
  C:\Program Files\Common Files\Oracle\Java\javapath;C:\Program Files\Microsoft\jdk-11.0.18.10-hotspot\bin;C:\Windows\system32;C:\Windows;C:\Windows\System32\Wbem;C:\Windows\System32\WindowsPowerShell\v1.0\;C:\Windows\System32\OpenSSH\;C:\Program Files (x86)\NVIDIA Corporation\PhysX\Common;C:\WINDOWS\system32;C:\WINDOWS;C:\WINDOWS\System32\Wbem;C:\WINDOWS\System32\WindowsPowerShell\v1.0\;C:\WINDOWS\System32\OpenSSH\;C:\ProgramData\chocolatey\bin;%LOCALAPPDATA%\Android\Sdk\platform-tools;C:\Program Files\Java\jdk-11\bin;D:\Programas Instalados\Git\cmd;C:\Users\rgued\Documents\flutter\bin;C:\Users\rgued\Documents\flutter;C:\Program Files\nodejs\;C:\Users\rgued\.console-ninja\.bin;C:\Users\rgued\AppData\Local\Microsoft\WindowsApps;C:\Users\rgued\AppData\Local\Programs\Microsoft VS Code\bin;C:\Users\rgued\AppData\Local\Android\Sdk\platform-tools;C:\Program Files\Java\jdk-11\bin;C:\Users\rgued\Documents\flutter\bin;C:\Users\rgued\Documents\flutter;C:\Users\rgued\AppData\Local\GitHubDesktop\bin;C:\Users\rgued\AppData\Roaming\npm

Yarn version: 
  1.22.19

Node version: 
  18.17.1

Platform: 
  win32 x64

Trace: 
  Error: https://registry.yarnpkg.com/CLI: Not found
      at params.callback [as _callback] (C:\Users\rgued\AppData\Roaming\npm\node_modules\yarn\lib\cli.js:66145:18)
      at self.callback (C:\Users\rgued\AppData\Roaming\npm\node_modules\yarn\lib\cli.js:140890:22)
      at Request.emit (node:events:514:28)
      at Request.<anonymous> (C:\Users\rgued\AppData\Roaming\npm\node_modules\yarn\lib\cli.js:141862:10)
      at Request.emit (node:events:514:28)
      at IncomingMessage.<anonymous> (C:\Users\rgued\AppData\Roaming\npm\node_modules\yarn\lib\cli.js:141784:12)
      at Object.onceWrapper (node:events:628:28)
      at IncomingMessage.emit (node:events:526:35)
      at endReadableNT (node:internal/streams/readable:1359:12)
      at process.processTicksAndRejections (node:internal/process/task_queues:82:21)

npm manifest: 
  No manifest

yarn manifest: 
  No manifest

Lockfile: 
  No lockfile
